2024-05-21 11:26:12,733 - server - INFO - Validating Request...
2024-05-21 11:26:12,733 - server - INFO - Request Validated!
2024-05-21 11:26:12,734 - server - INFO - POST: updateTimesheet
2024-05-21 11:27:01,769 - server - INFO - Validating Request...
2024-05-21 11:27:01,770 - server - INFO - Request Validated!
2024-05-21 11:27:01,771 - server - INFO - POST: updateTimesheet
2024-05-21 11:27:02,981 - server - INFO - UpdateTimesheet:"664cd76c7900e13ba82dfb80"202
2024-05-21 11:29:11,253 - server - INFO - Validating Request...
2024-05-21 11:29:11,253 - server - INFO - Request Validated!
2024-05-21 11:29:11,254 - server - INFO - POST: updateTimesheet
2024-05-21 11:29:13,005 - server - INFO - UpdateTimesheet:"664cd76c7900e13ba82dfb80"202
2024-05-21 11:31:35,890 - server - INFO - Validating Request...
2024-05-21 11:31:35,890 - server - INFO - Request Validated!
2024-05-21 11:31:35,891 - server - INFO - POST: updateTimesheet
2024-05-21 11:31:37,684 - server - INFO - UpdateTimesheet:"664cd76c7900e13ba82dfb80"202
2024-05-21 11:33:52,257 - server - INFO - Validating Request...
2024-05-21 11:33:52,257 - server - INFO - Request Validated!
2024-05-21 11:33:52,258 - server - INFO - POST: updateTimesheet
2024-05-21 11:33:54,037 - server - INFO - UpdateTimesheet:"664cd76c7900e13ba82dfb80"202
2024-05-21 11:34:41,533 - server - INFO - Validating Request...
2024-05-21 11:34:41,534 - server - INFO - Request Validated!
2024-05-21 11:34:41,534 - server - INFO - POST: updateTimesheet
2024-05-21 11:34:42,662 - server - INFO - UpdateTimesheet:"664cda427abd9f73f791a16d"202
2024-05-21 11:37:41,700 - server - INFO - Validating Request...
2024-05-21 11:37:41,701 - server - INFO - Request Validated!
2024-05-21 11:37:41,701 - server - INFO - POST: updateTimesheet
2024-05-21 11:37:44,540 - server - INFO - UpdateTimesheet:"664cda427abd9f73f791a16d"202
2024-05-21 11:39:32,995 - server - INFO - Validating Request...
2024-05-21 11:39:32,996 - server - INFO - Request Validated!
2024-05-21 11:39:32,996 - server - INFO - POST: updateTimesheet
2024-05-21 11:39:36,118 - server - INFO - UpdateTimesheet:"664cda427abd9f73f791a16d"202
2024-05-21 11:42:27,084 - server - INFO - Validating Request...
2024-05-21 11:42:27,084 - server - INFO - Request Validated!
2024-05-21 11:42:27,085 - server - INFO - POST: updateTimesheet
2024-05-21 11:42:29,937 - server - INFO - UpdateTimesheet:"664cda427abd9f73f791a16d"202
2024-05-21 11:43:28,965 - server - INFO - Validating Request...
2024-05-21 11:43:28,966 - server - INFO - Request Validated!
2024-05-21 11:43:28,967 - server - INFO - POST: updateTimesheet
2024-05-21 11:43:31,726 - server - INFO - UpdateTimesheet:"664cda427abd9f73f791a16d"202
2024-05-21 11:44:05,938 - server - INFO - Validating Request...
2024-05-21 11:44:05,938 - server - INFO - Request Validated!
2024-05-21 11:44:05,938 - server - INFO - POST: updateTimesheet
2024-05-21 11:44:08,900 - server - INFO - UpdateTimesheet:"664cda427abd9f73f791a16d"202
2024-05-21 11:45:19,876 - server - INFO - Validating Request...
2024-05-21 11:45:19,876 - server - INFO - Request Validated!
2024-05-21 11:45:19,876 - server - INFO - POST: updateTimesheet
2024-05-21 11:45:22,660 - server - INFO - UpdateTimesheet:"664cda427abd9f73f791a16d"202
2024-05-21 11:48:45,024 - server - INFO - Validating Request...
2024-05-21 11:48:45,025 - server - INFO - Request Validated!
2024-05-21 11:48:45,025 - server - INFO - POST: updateTimesheet
2024-05-21 11:48:48,004 - server - INFO - UpdateTimesheet:"664cda427abd9f73f791a16d"202
2024-05-21 11:51:09,597 - server - INFO - Validating Request...
2024-05-21 11:51:09,597 - server - INFO - Request Validated!
2024-05-21 11:51:09,597 - server - INFO - POST: updateTimesheet
2024-05-21 11:51:12,202 - server - INFO - UpdateTimesheet:"664cda427abd9f73f791a16d"202
2024-05-21 11:52:56,679 - server - INFO - POST: bankedHours 
2024-05-21 12:01:40,168 - server - INFO - POST: bankedHours 
2024-05-21 12:05:02,316 - server - INFO - POST: bankedHours 
2024-05-21 12:06:07,699 - server - INFO - POST: bankedHours 
